<?xml version="1.0" encoding="UTF-8" standalone="yes"?>
<persistence xmlns:xsi="http://www.w3.org/2001/XMLSchema-instance"
             xmlns="http://xmlns.jcp.org/xml/ns/persistence"
             xsi:schemaLocation="http://xmlns.jcp.org/xml/ns/persistence http://xmlns.jcp.org/xml/ns/persistence/persistence_2_2.xsd"
             version="2.2">

    <persistence-unit name="defaultPU">
        <jta-data-source>java:comp/DefaultDataSource</jta-data-source>
        <class>com.github.oraum.persistence.entity.User</class>
        <properties>
            <property name="eclipselink.ddl-generation" value="create-tables"/>
        </properties>
    </persistence-unit>
</persistence>
